<?xml version="1.0" encoding="UTF-8"?>
<!-- Generated by org.testng.reporters.JUnitXMLReporter -->
<testsuite hostname="Lipikachawla" ignored="0" name="Test" tests="3" failures="0" timestamp="01 Oct 2019 09:59:15 GMT" time="44.016" errors="0">
  <testcase name="check" time="10.352" classname="TestCases.ActionBarTestCase"/>
  <testcase name="test" time="8.794" classname="TestCases.ShowButtonTestCase"/>
  <testcase name="verify" time="1.336" classname="TestCases.ShowButtonTestCase"/>
</testsuite> <!-- Test -->
