<?xml version="1.0" encoding="UTF-8"?>
<testng-results skipped="0" failed="0" ignored="0" total="1" passed="1">
  <reporter-output>
  </reporter-output>
  <suite name="Suite" duration-ms="11440" started-at="2019-09-05T12:09:01 IST" finished-at="2019-09-05T12:09:13 IST">
    <groups>
    </groups>
    <test name="Test" duration-ms="11440" started-at="2019-09-05T12:09:01 IST" finished-at="2019-09-05T12:09:13 IST">
      <class name="Nagarro.Nagarro1.FirstProgram">
        <test-method status="PASS" signature="test()[pri:0, instance:Nagarro.Nagarro1.FirstProgram@1794d431]" name="test" duration-ms="11406" started-at="2019-09-05T12:09:01 IST" finished-at="2019-09-05T12:09:13 IST">
          <reporter-output>
          </reporter-output>
        </test-method> <!-- test -->
      </class> <!-- Nagarro.Nagarro1.FirstProgram -->
    </test> <!-- Test -->
  </suite> <!-- Suite -->
</testng-results>
